[debug] [2025-08-11T08:08:31.540Z] ----------------------------------------------------------------------
[debug] [2025-08-11T08:08:31.545Z] Command:       C:\Program Files\nodejs\node.exe C:\Users\Admin\AppData\Roaming\npm\node_modules\firebase-tools\lib\bin\firebase.js init dataconnect
[debug] [2025-08-11T08:08:31.546Z] CLI Version:   14.12.0
[debug] [2025-08-11T08:08:31.546Z] Platform:      win32
[debug] [2025-08-11T08:08:31.547Z] Node Version:  v24.5.0
[debug] [2025-08-11T08:08:31.547Z] Time:          Mon Aug 11 2025 13:38:31 GMT+0530 (India Standard Time)
[debug] [2025-08-11T08:08:31.547Z] ----------------------------------------------------------------------
[debug] 
[debug] [2025-08-11T08:08:31.775Z] > command requires scopes: ["email","openid","https://www.googleapis.com/auth/cloudplatformprojects.readonly","https://www.googleapis.com/auth/firebase","https://www.googleapis.com/auth/cloud-platform"]
[debug] [2025-08-11T08:08:31.776Z] > authorizing via signed-in user (begaslam9109@gmail.com)
[info] 
     ######## #### ########  ######## ########     ###     ######  ########
     ##        ##  ##     ## ##       ##     ##  ##   ##  ##       ##
     ######    ##  ########  ######   ########  #########  ######  ######
     ##        ##  ##    ##  ##       ##     ## ##     ##       ## ##
     ##       #### ##     ## ######## ########  ##     ##  ######  ########

You're about to initialize a Firebase project in this directory:

  D:\Angular\mycollege-web-app

Before we get started, keep in mind:

  * You are initializing within an existing Firebase project directory

[info] 
=== Project Setup
[info] 
[info] First, let's associate this project directory with a Firebase project.
[info] You can create multiple project aliases by running firebase use --add, 
[info] but for now we'll just set up a default project.
[info] 
[debug] [2025-08-11T08:08:34.194Z] Using project from CLI flag: tunesphere-d
[debug] [2025-08-11T08:08:34.195Z] Checked if tokens are valid: true, expires at: 1754901989917
[debug] [2025-08-11T08:08:34.196Z] Checked if tokens are valid: true, expires at: 1754901989917
[debug] [2025-08-11T08:08:34.198Z] >>> [apiv2][query] GET https://firebase.googleapis.com/v1beta1/projects/tunesphere-d [none]
[debug] [2025-08-11T08:08:35.888Z] <<< [apiv2][status] GET https://firebase.googleapis.com/v1beta1/projects/tunesphere-d 200
[debug] [2025-08-11T08:08:35.888Z] <<< [apiv2][body] GET https://firebase.googleapis.com/v1beta1/projects/tunesphere-d {"projectId":"tunesphere-d","projectNumber":"28301937235","displayName":"tunesphere-d","name":"projects/tunesphere-d","resources":{"hostingSite":"tunesphere-d","realtimeDatabaseInstance":"tunesphere-d-default-rtdb"},"state":"ACTIVE","etag":"1_078e4f0e-4780-4778-8257-fa42b7316af8"}
[info] i  Using project tunesphere-d (tunesphere-d) 
[info] 
=== Dataconnect Setup
[debug] [2025-08-11T08:08:36.214Z] Checked if tokens are valid: true, expires at: 1754901989917
[debug] [2025-08-11T08:08:36.214Z] Checked if tokens are valid: true, expires at: 1754901989917
[debug] [2025-08-11T08:08:36.214Z] >>> [apiv2][query] GET https://cloudbilling.googleapis.com/v1/projects/tunesphere-d/billingInfo [none]
[debug] [2025-08-11T08:08:36.892Z] <<< [apiv2][status] GET https://cloudbilling.googleapis.com/v1/projects/tunesphere-d/billingInfo 200
[debug] [2025-08-11T08:08:36.892Z] <<< [apiv2][body] GET https://cloudbilling.googleapis.com/v1/projects/tunesphere-d/billingInfo {"name":"projects/tunesphere-d/billingInfo","projectId":"tunesphere-d","billingAccountName":"","billingEnabled":false}
[info] i  dataconnect: ensuring required API sqladmin.googleapis.com is enabled... 
[info] i  dataconnect: ensuring required API firebasedataconnect.googleapis.com is enabled... 
[debug] [2025-08-11T08:08:36.897Z] Checked if tokens are valid: true, expires at: 1754901989917
[debug] [2025-08-11T08:08:36.897Z] Checked if tokens are valid: true, expires at: 1754901989917
[debug] [2025-08-11T08:08:36.898Z] >>> [apiv2][query] GET https://serviceusage.googleapis.com/v1/projects/tunesphere-d/services/firebasedataconnect.googleapis.com [none]
[debug] [2025-08-11T08:08:36.898Z] >>> [apiv2][(partial)header] GET https://serviceusage.googleapis.com/v1/projects/tunesphere-d/services/firebasedataconnect.googleapis.com x-goog-quota-user=projects/tunesphere-d
[debug] [2025-08-11T08:08:39.043Z] <<< [apiv2][status] GET https://serviceusage.googleapis.com/v1/projects/tunesphere-d/services/firebasedataconnect.googleapis.com 200
[debug] [2025-08-11T08:08:39.044Z] <<< [apiv2][body] GET https://serviceusage.googleapis.com/v1/projects/tunesphere-d/services/firebasedataconnect.googleapis.com [omitted]
[info] +  dataconnect: required API firebasedataconnect.googleapis.com is enabled 
[debug] [2025-08-11T08:08:39.062Z] Checked if tokens are valid: true, expires at: 1754901989917
[debug] [2025-08-11T08:08:39.063Z] Checked if tokens are valid: true, expires at: 1754901989917
[debug] [2025-08-11T08:08:39.063Z] >>> [apiv2][query] GET https://firebasedataconnect.googleapis.com/v1/projects/tunesphere-d/locations/-/services [none]
[debug] [2025-08-11T08:08:41.400Z] <<< [apiv2][status] GET https://firebasedataconnect.googleapis.com/v1/projects/tunesphere-d/locations/-/services 200
[debug] [2025-08-11T08:08:41.401Z] <<< [apiv2][body] GET https://firebasedataconnect.googleapis.com/v1/projects/tunesphere-d/locations/-/services {}
[info] i  dataconnect\dataconnect.yaml is unchanged 
[info] i  dataconnect\schema\schema.gql is unchanged 
